nohup: ignoring input
[Sat Feb  8 06:07:40 2025] PHP 8.2.27 Development Server (http://localhost:8000) started
[Sat Feb  8 06:07:52 2025] [::1]:48538 Accepted
[Sat Feb  8 06:07:52 2025] PHP Warning:  Undefined array key "user_id" in /home/ganesh/Projects/php/php_mvc/app/Controllers/ArtistController.php on line 12
[Sat Feb  8 06:07:52 2025] [::1]:48538 [302]: GET /artists
[Sat Feb  8 06:07:52 2025] [::1]:48538 Closing
[Sat Feb  8 06:07:52 2025] [::1]:48550 Accepted
[Sat Feb  8 06:07:52 2025] [::1]:48550 [200]: GET /login
[Sat Feb  8 06:07:52 2025] [::1]:48550 Closing
[Sat Feb  8 06:07:52 2025] [::1]:48564 Accepted
[Sat Feb  8 06:07:52 2025] [::1]:48564 [404]: GET /favicon.ico - No such file or directory
[Sat Feb  8 06:07:52 2025] [::1]:48564 Closing
[Sat Feb  8 06:08:18 2025] [::1]:34898 Accepted
[Sat Feb  8 06:08:18 2025] PHP Warning:  Undefined array key "success" in /home/ganesh/Projects/php/php_mvc/app/Views/layout/guest/header.php on line 17
[Sat Feb  8 06:08:18 2025] [::1]:34898 [200]: GET /login
[Sat Feb  8 06:08:18 2025] [::1]:34898 Closing
[Sat Feb  8 06:08:18 2025] [::1]:34912 Accepted
[Sat Feb  8 06:08:21 2025] PHP Warning:  Undefined array key "error" in /home/ganesh/Projects/php/php_mvc/app/Views/layout/guest/header.php on line 11
[Sat Feb  8 06:08:21 2025] PHP Warning:  Undefined array key "success" in /home/ganesh/Projects/php/php_mvc/app/Views/layout/guest/header.php on line 17
[Sat Feb  8 06:08:21 2025] [::1]:34912 [200]: GET /login
[Sat Feb  8 06:08:21 2025] [::1]:34912 Closing
[Sat Feb  8 06:08:21 2025] [::1]:34928 Accepted
[Sat Feb  8 06:08:21 2025] [::1]:34932 Accepted
[Sat Feb  8 06:08:22 2025] [::1]:34928 [404]: GET /favicon.ico - No such file or directory
[Sat Feb  8 06:08:22 2025] [::1]:34928 Closing
[Sat Feb  8 06:09:42 2025] [::1]:34932 Closed without sending a request; it was probably just an unused speculative preconnection
[Sat Feb  8 06:09:42 2025] [::1]:34932 Closing
[Sat Feb  8 06:12:50 2025] [::1]:32826 Accepted
[Sat Feb  8 06:12:50 2025] PHP Warning:  Undefined array key "user_id" in /home/ganesh/Projects/php/php_mvc/app/Controllers/ArtistController.php on line 12
[Sat Feb  8 06:12:50 2025] [::1]:32826 [302]: GET /artists
[Sat Feb  8 06:12:50 2025] [::1]:32826 Closing
[Sat Feb  8 06:12:50 2025] [::1]:32830 Accepted
[Sat Feb  8 06:12:50 2025] PHP Warning:  Undefined array key "success" in /home/ganesh/Projects/php/php_mvc/app/Views/layout/guest/header.php on line 17
[Sat Feb  8 06:12:50 2025] [::1]:32830 [200]: GET /login
[Sat Feb  8 06:12:50 2025] [::1]:32830 Closing
[Sat Feb  8 06:12:51 2025] [::1]:32832 Accepted
[Sat Feb  8 06:12:51 2025] [::1]:32832 [404]: GET /favicon.ico - No such file or directory
[Sat Feb  8 06:12:51 2025] [::1]:32832 Closing
[Sat Feb  8 06:12:53 2025] [::1]:35710 Accepted
[Sat Feb  8 06:12:53 2025] PHP Warning:  Undefined array key "error" in /home/ganesh/Projects/php/php_mvc/app/Views/layout/guest/header.php on line 11
[Sat Feb  8 06:12:53 2025] PHP Warning:  Undefined array key "success" in /home/ganesh/Projects/php/php_mvc/app/Views/layout/guest/header.php on line 17
[Sat Feb  8 06:12:53 2025] [::1]:35710 [200]: GET /login
[Sat Feb  8 06:12:53 2025] [::1]:35710 Closing
[Sat Feb  8 06:12:53 2025] [::1]:35726 Accepted
[Sat Feb  8 06:12:53 2025] [::1]:35734 Accepted
[Sat Feb  8 06:12:57 2025] [::1]:35726 Closed without sending a request; it was probably just an unused speculative preconnection
[Sat Feb  8 06:12:57 2025] [::1]:35726 Closing
[Sat Feb  8 06:12:57 2025] [::1]:35734 Closed without sending a request; it was probably just an unused speculative preconnection
[Sat Feb  8 06:12:57 2025] [::1]:35734 Closing
